<?xml version="1.0" encoding="UTF-8"?>
<!-- Generated by org.testng.reporters.JUnitReportReporter -->
<testsuite skipped="0" hostname="RNAGALLI-JVPVW" name="FacebookLogin" tests="1" failures="0" timestamp="2020-07-05T14:08:32 IST" time="10.437" errors="0">
  <testcase name="Login" time="10.437" classname="FacebookLogin"/>
  <system-out/>
</testsuite> <!-- FacebookLogin -->
